<?xml version="1.0" encoding="UTF-8"?>
<testsuite name="com.alamo.utilities.MatrixTest" tests="2" skipped="0" failures="0" errors="0" timestamp="2019-10-18T15:03:26" hostname="BUE-62982L" time="0.002">
  <properties/>
  <testcase name="testMyLanguage" classname="com.alamo.utilities.MatrixTest" time="0.001"/>
  <testcase name="otroTest" classname="com.alamo.utilities.MatrixTest" time="0.0"/>
  <system-out><![CDATA[]]></system-out>
  <system-err><![CDATA[]]></system-err>
</testsuite>
